w2026-01-03 14:36:10,449 | INFO | logging_config | Logging initialized
2026-01-03 14:58:51,451 | INFO | logging_config | Logging initialized
2026-01-03 15:06:27,512 | INFO | logging_config | Logging initialized
2026-01-03 15:12:15,156 | INFO | logging_config | Logging initialized
2026-01-03 15:12:22,162 | DEBUG | cosmology.background | Computed f_unified at z=1.1
2026-01-03 15:12:22,165 | DEBUG | cosmology.background | Computed H(z) at z=1.1
2026-01-03 15:16:47,870 | DEBUG | cosmology.background | Computed f_unified at z=1.1
2026-01-03 15:16:47,872 | DEBUG | cosmology.background | Computed H(z) at z=1.1
2026-01-03 15:17:03,103 | DEBUG | cosmology.background | Computed f_unified at z=1.1
2026-01-03 15:17:03,105 | DEBUG | cosmology.background | Computed H(z) at z=1.1
2026-01-03 15:17:04,380 | DEBUG | cosmology.background | Computed f_unified at z=1.1
2026-01-03 15:17:04,382 | DEBUG | cosmology.background | Computed H(z) at z=1.1
2026-01-03 15:17:05,433 | DEBUG | cosmology.background | Computed f_unified at z=1.1
2026-01-03 15:17:05,435 | DEBUG | cosmology.background | Computed H(z) at z=1.1
2026-01-03 15:17:39,178 | DEBUG | cosmology.background | Computed f_unified at z=1.1
2026-01-03 15:17:39,179 | DEBUG | cosmology.background | Computed H(z) at z=1.1
2026-01-03 15:17:48,839 | DEBUG | cosmology.background | Computed f_unified at z=1.1
2026-01-03 15:17:48,841 | DEBUG | cosmology.background | Computed H(z) at z=1.1
2026-01-03 15:18:07,872 | INFO | logging_config | Logging initialized
2026-01-03 15:18:17,832 | DEBUG | cosmology.background | Computed f_unified at z=1.1
2026-01-03 15:21:24,638 | DEBUG | cosmology.background | Computed f_unified at z=1.1
2026-01-03 15:21:26,272 | DEBUG | cosmology.background | Computed f_unified at z=1.1
2026-01-03 15:21:39,016 | INFO | logging_config | Logging initialized
2026-01-03 15:21:44,351 | DEBUG | cosmology.background | Computed f_unified at z=1.1
2026-01-03 15:21:44,353 | DEBUG | cosmology.background | Computed H(z) at z=1.1
2026-01-03 15:25:07,575 | INFO | logging_config | Logging initialized
2026-01-03 15:25:19,622 | DEBUG | cosmology.background | Entering f_unified | z=1.1, As=0.700000, alpha=0.010000
2026-01-03 15:25:19,625 | ERROR | cosmology.background | Crash in f_unified | z=1.1, As=0.700000, alpha=0.010000
Traceback (most recent call last):
  File "/home/jose/cosmo_inference/cosmology/background.py", line 28, in f_unified
    return (A_s + (1 - As) * (1 + z)**(3*(1 + alpha)))**(1/(1 + alpha))
            ^^^
NameError: name 'A_s' is not defined. Did you mean: 'As'?
2026-01-03 15:26:48,258 | INFO | logging_config | Logging initialized
2026-01-03 15:26:54,601 | DEBUG | cosmology.background | Entering f_unified | z=1.1, As=0.700000, alpha=0.010000
2026-01-03 15:26:54,604 | DEBUG | cosmology.background | Computed H(z) at z=1.1
2026-01-03 15:27:10,247 | INFO | logging_config | Logging initialized
2026-01-03 15:27:11,018 | DEBUG | cosmology.background | Computed f_unified at z=1.1
2026-01-03 15:27:11,022 | DEBUG | cosmology.background | Computed H(z) at z=1.1
2026-01-03 15:27:27,138 | INFO | logging_config | Logging initialized
2026-01-03 15:27:27,863 | DEBUG | cosmology.background | Computed f_unified at z=1.1
2026-01-03 15:28:05,088 | INFO | logging_config | Logging initialized
2026-01-03 15:28:05,645 | DEBUG | cosmology.background | Computed f_unified at z=1.1
2026-01-03 15:28:05,649 | DEBUG | cosmology.background | Computed H(z) at z=1.1
2026-01-03 15:28:38,032 | INFO | logging_config | Logging initialized
2026-01-03 15:28:38,673 | DEBUG | cosmology.background | Computed f_unified at z=1.1
